<?xml version="1.0" encoding="UTF-8"?>
<!-- Generated by org.testng.reporters.JUnitReportReporter -->
<testsuite hostname="Hammond-PC" failures="0" tests="2" name="HamchasAssociates.MavenJava.AppiumTest" time="0.048" errors="0" timestamp="2021-01-19T10:48:30 EST" skipped="0">
  <testcase classname="HamchasAssociates.MavenJava.AppiumTest" name="IOSApps" time="0.047"/>
  <system-out/>
  <testcase classname="HamchasAssociates.MavenJava.AppiumTest" name="nativeAPIAndroid" time="0.001"/>
  <system-out/>
</testsuite> <!-- HamchasAssociates.MavenJava.AppiumTest -->
