<?xml version="1.0" encoding="UTF-8"?>
<!-- Generated by org.testng.reporters.JUnitReportReporter -->
<testsuite hostname="Hammond-PC" failures="0" tests="1" name="HamchasAssociates.MavenJava.AppTest" time="0.034" errors="0" timestamp="2021-01-19T10:48:30 EST" skipped="0">
  <testcase classname="HamchasAssociates.MavenJava.AppTest" name="shouldAnswerWithTrue" time="0.034"/>
  <system-out/>
</testsuite> <!-- HamchasAssociates.MavenJava.AppTest -->
