<?xml version="1.0" encoding="UTF-8"?>
<!-- Generated by org.testng.reporters.JUnitReportReporter -->
<testsuite hostname="Hammond-PC" failures="0" tests="2" name="HamchasAssociates.MavenJava.RESTAPITest" time="0.001" errors="0" timestamp="2021-01-19T11:15:56 EST" skipped="0">
  <testcase classname="HamchasAssociates.MavenJava.RESTAPITest" name="postJira" time="0.000"/>
  <system-out/>
  <testcase classname="HamchasAssociates.MavenJava.RESTAPITest" name="deleteTwitter" time="0.001"/>
  <system-out/>
</testsuite> <!-- HamchasAssociates.MavenJava.RESTAPITest -->
