<?xml version="1.0" encoding="UTF-8"?>
<!-- Generated by org.testng.reporters.JUnitReportReporter -->
<testsuite hostname="Hammond-PC" failures="0" tests="2" name="HamchasAssociates.MavenJava.SeleniumTest" time="0.000" errors="0" timestamp="2021-01-19T11:15:56 EST" skipped="0">
  <testcase classname="HamchasAssociates.MavenJava.SeleniumTest" name="BrowserAutomation" time="0.000"/>
  <system-out/>
  <testcase classname="HamchasAssociates.MavenJava.SeleniumTest" name="elementsUI" time="0.000"/>
  <system-out/>
</testsuite> <!-- HamchasAssociates.MavenJava.SeleniumTest -->
